Base path: /Applications/Unity/Unity.app/Contents
Pipe name: \\.\pipe\UnityShaderCompiler-64bit-1-2060919552
Cmd: getPlatforms
Cmd: preprocess
  insize=219 outsize=219 ok=1
Cmd: preprocess
  insize=2317 outsize=849 ok=1
Cmd: compileSnippet
  api=0 type=0 insize=1770 outsize=1321 kw= ok=1
Cmd: compileSnippet
  api=0 type=1 insize=1770 outsize=6 kw= ok=1
Cmd: preprocess
  insize=1571 outsize=492 ok=1
Cmd: compileSnippet
  api=0 type=0 insize=1381 outsize=1091 kw= ok=1
Cmd: compileSnippet
  api=0 type=1 insize=1381 outsize=6 kw= ok=1
Cmd: preprocess
  insize=2330 outsize=478 ok=1
Cmd: compileSnippet
  api=0 type=0 insize=2154 outsize=1789 kw= ok=1
Cmd: compileSnippet
  api=0 type=1 insize=2154 outsize=6 kw= ok=1
Cmd: preprocess
  insize=1964 outsize=478 ok=1
Cmd: compileSnippet
  api=0 type=0 insize=1788 outsize=1307 kw= ok=1
Cmd: compileSnippet
  api=0 type=1 insize=1788 outsize=6 kw= ok=1
Cmd: preprocess
  insize=480 outsize=480 ok=1
Cmd: preprocess
  insize=2450 outsize=535 ok=1
Cmd: compileSnippet
  api=0 type=0 insize=2219 outsize=1889 kw= ok=1
Cmd: compileSnippet
  api=0 type=1 insize=2219 outsize=6 kw= ok=1
Cmd: preprocess
  insize=2083 outsize=533 ok=1
Cmd: compileSnippet
  api=0 type=0 insize=1852 outsize=1391 kw= ok=1
Cmd: compileSnippet
  api=0 type=1 insize=1852 outsize=6 kw= ok=1
Cmd: preprocess
  insize=1404 outsize=609 ok=1
Cmd: compileSnippet
  api=0 type=0 insize=1097 outsize=776 kw= ok=1
Cmd: compileSnippet
  api=0 type=1 insize=1097 outsize=6 kw= ok=1
Cmd: preprocess
  insize=1452 outsize=830 ok=1
Cmd: compileSnippet
  api=0 type=0 insize=924 outsize=482 kw= ok=1
Cmd: compileSnippet
  api=0 type=1 insize=924 outsize=6 kw= ok=1
Cmd: preprocess
  insize=1503 outsize=625 ok=1
Cmd: compileSnippet
  api=0 type=0 insize=1179 outsize=857 kw= ok=1
Cmd: compileSnippet
  api=0 type=1 insize=1179 outsize=6 kw= ok=1
Cmd: preprocess
  insize=2684 outsize=849 ok=1
Cmd: compileSnippet
  api=0 type=0 insize=2137 outsize=1803 kw= ok=1
Cmd: compileSnippet
  api=0 type=1 insize=2137 outsize=6 kw= ok=1
Cmd: preprocess
  insize=1560 outsize=533 ok=1
Cmd: compileSnippet
  api=0 type=0 insize=1329 outsize=918 kw= ok=1
Cmd: compileSnippet
  api=0 type=1 insize=1329 outsize=6 kw= ok=1
Cmd: preprocess
  insize=1428 outsize=478 ok=1
Cmd: compileSnippet
  api=0 type=0 insize=1252 outsize=815 kw= ok=1
Cmd: compileSnippet
  api=0 type=1 insize=1252 outsize=6 kw= ok=1
Cmd: preprocess
  insize=3042 outsize=1756 ok=1
Cmd: compileSnippet
  api=0 type=0 insize=7889 outsize=4025 kw=DIRECTIONAL SHADOWS_OFF LIGHTMAP_OFF DIRLIGHTMAP_OFF DYNAMICLIGHTMAP_OFF ok=1
Cmd: compileSnippet
  api=0 type=1 insize=7889 outsize=6 kw=DIRECTIONAL SHADOWS_OFF LIGHTMAP_OFF DIRLIGHTMAP_OFF DYNAMICLIGHTMAP_OFF ok=1
Cmd: compileSnippet
  api=0 type=0 insize=5253 outsize=3351 kw=POINT ok=1
Cmd: compileSnippet
  api=0 type=1 insize=5253 outsize=6 kw=POINT ok=1
Cmd: compileSnippet
  api=0 type=0 insize=6953 outsize=2745 kw=DIRECTIONAL SHADOWS_OFF LIGHTMAP_OFF DIRLIGHTMAP_OFF DYNAMICLIGHTMAP_OFF ok=1
Cmd: compileSnippet
  api=0 type=1 insize=6953 outsize=6 kw=DIRECTIONAL SHADOWS_OFF LIGHTMAP_OFF DIRLIGHTMAP_OFF DYNAMICLIGHTMAP_OFF ok=1
Cmd: compileSnippet
  api=0 type=0 insize=4359 outsize=2200 kw=POINT ok=1
Cmd: compileSnippet
  api=0 type=1 insize=4359 outsize=6 kw=POINT ok=1
Cmd: preprocess
  insize=1784 outsize=847 ok=1
Cmd: compileSnippet
  api=0 type=0 insize=1237 outsize=831 kw= ok=1
Cmd: compileSnippet
  api=0 type=1 insize=1237 outsize=6 kw= ok=1
Cmd: preprocess
  insize=2474 outsize=494 ok=1
Cmd: compileSnippet
  api=0 type=0 insize=2284 outsize=2063 kw= ok=1
Cmd: compileSnippet
  api=0 type=1 insize=2284 outsize=6 kw= ok=1
Cmd: preprocess
  insize=435 outsize=435 ok=1
Cmd: preprocess
  insize=1465 outsize=506 ok=1
Cmd: compileSnippet
  api=0 type=0 insize=1260 outsize=1028 kw= ok=1
Cmd: compileSnippet
  api=0 type=1 insize=1260 outsize=6 kw= ok=1
Cmd: preprocess
  insize=1414 outsize=840 ok=1
Cmd: compileSnippet
  api=0 type=0 insize=876 outsize=416 kw= ok=1
Cmd: compileSnippet
  api=0 type=1 insize=876 outsize=6 kw= ok=1
Cmd: preprocess
  insize=5950 outsize=3357 ok=1
Cmd: compileSnippet
  api=0 type=0 insize=9387 outsize=5033 kw=DIRECTIONAL LIGHTMAP_OFF DIRLIGHTMAP_OFF DYNAMICLIGHTMAP_OFF ok=1
Cmd: compileSnippet
  api=0 type=1 insize=9387 outsize=6 kw=DIRECTIONAL LIGHTMAP_OFF DIRLIGHTMAP_OFF DYNAMICLIGHTMAP_OFF ok=1
Cmd: compileSnippet
  api=0 type=0 insize=6656 outsize=4354 kw=POINT ok=1
Cmd: compileSnippet
  api=0 type=1 insize=6656 outsize=6 kw=POINT ok=1
Cmd: compileSnippet
  api=0 type=0 insize=8225 outsize=4488 kw=DIRECTIONAL LIGHTMAP_OFF DIRLIGHTMAP_OFF DYNAMICLIGHTMAP_OFF ok=1
Cmd: compileSnippet
  api=0 type=1 insize=8225 outsize=6 kw=DIRECTIONAL LIGHTMAP_OFF DIRLIGHTMAP_OFF DYNAMICLIGHTMAP_OFF ok=1
Cmd: compileSnippet
  api=0 type=0 insize=5581 outsize=3812 kw=POINT ok=1
Cmd: compileSnippet
  api=0 type=1 insize=5581 outsize=6 kw=POINT ok=1
Cmd: compileSnippet
  api=0 type=0 insize=6490 outsize=2585 kw=DIRECTIONAL LIGHTMAP_OFF DIRLIGHTMAP_OFF DYNAMICLIGHTMAP_OFF ok=1
Cmd: compileSnippet
  api=0 type=1 insize=6490 outsize=6 kw=DIRECTIONAL LIGHTMAP_OFF DIRLIGHTMAP_OFF DYNAMICLIGHTMAP_OFF ok=1
Cmd: compileSnippet
  api=0 type=0 insize=3752 outsize=2052 kw=POINT ok=1
Cmd: compileSnippet
  api=0 type=1 insize=3752 outsize=6 kw=POINT ok=1
Cmd: preprocess
  insize=1464 outsize=884 ok=1
Cmd: compileSnippet
  api=0 type=0 insize=882 outsize=416 kw= ok=1
Cmd: compileSnippet
  api=0 type=1 insize=882 outsize=6 kw= ok=1
Cmd: preprocess
  insize=2361 outsize=2356 ok=1
Cmd: compileSnippet
  api=0 type=0 insize=7994 outsize=4154 kw=DIRECTIONAL SHADOWS_OFF LIGHTMAP_OFF DIRLIGHTMAP_OFF DYNAMICLIGHTMAP_OFF ok=1
Cmd: compileSnippet
  api=0 type=1 insize=7994 outsize=6 kw=DIRECTIONAL SHADOWS_OFF LIGHTMAP_OFF DIRLIGHTMAP_OFF DYNAMICLIGHTMAP_OFF ok=1
Cmd: compileSnippet
  api=0 type=0 insize=5358 outsize=3452 kw=POINT ok=1
Cmd: compileSnippet
  api=0 type=1 insize=5358 outsize=6 kw=POINT ok=1
Cmd: compileSnippet
  api=0 type=0 insize=5760 outsize=2258 kw=DIRECTIONAL SHADOWS_OFF LIGHTMAP_OFF DIRLIGHTMAP_OFF DYNAMICLIGHTMAP_OFF ok=1
Cmd: compileSnippet
  api=0 type=1 insize=5760 outsize=6 kw=DIRECTIONAL SHADOWS_OFF LIGHTMAP_OFF DIRLIGHTMAP_OFF DYNAMICLIGHTMAP_OFF ok=1
Cmd: compileSnippet
  api=0 type=0 insize=3407 outsize=1809 kw=POINT ok=1
Cmd: compileSnippet
  api=0 type=1 insize=3407 outsize=6 kw=POINT ok=1
Cmd: compileSnippet
  api=0 type=0 insize=2635 outsize=858 kw= ok=1
Cmd: compileSnippet
  api=0 type=1 insize=2635 outsize=6 kw= ok=1
Cmd: compileSnippet
  api=0 type=0 insize=5460 outsize=2657 kw=LIGHTMAP_OFF DIRLIGHTMAP_OFF DYNAMICLIGHTMAP_OFF HDR_LIGHT_PREPASS_OFF ok=1
Cmd: compileSnippet
  api=0 type=1 insize=5460 outsize=6 kw=LIGHTMAP_OFF DIRLIGHTMAP_OFF DYNAMICLIGHTMAP_OFF HDR_LIGHT_PREPASS_OFF ok=1
Cmd: compileSnippet
  api=0 type=0 insize=5382 outsize=3368 kw=LIGHTMAP_OFF DIRLIGHTMAP_OFF DYNAMICLIGHTMAP_OFF HDR_LIGHT_PREPASS_OFF ok=1
Cmd: compileSnippet
  api=0 type=1 insize=5382 outsize=6 kw=LIGHTMAP_OFF DIRLIGHTMAP_OFF DYNAMICLIGHTMAP_OFF HDR_LIGHT_PREPASS_OFF ok=1
Cmd: preprocess
  insize=1287 outsize=490 ok=1
Cmd: compileSnippet
  api=0 type=0 insize=1099 outsize=739 kw= ok=1
Cmd: compileSnippet
  api=0 type=1 insize=1099 outsize=6 kw= ok=1
Cmd: preprocess
  insize=1232 outsize=482 ok=1
Cmd: compileSnippet
  api=0 type=0 insize=1051 outsize=758 kw= ok=1
Cmd: compileSnippet
  api=0 type=1 insize=1051 outsize=6 kw= ok=1
Cmd: preprocess
  insize=2107 outsize=491 ok=1
Cmd: compileSnippet
  api=0 type=0 insize=1917 outsize=1581 kw= ok=1
Cmd: compileSnippet
  api=0 type=1 insize=1917 outsize=6 kw= ok=1
Cmd: preprocess
  insize=1668 outsize=929 ok=1
Cmd: compileSnippet
  api=0 type=0 insize=1041 outsize=665 kw= ok=1
Cmd: compileSnippet
  api=0 type=1 insize=1041 outsize=6 kw= ok=1
Cmd: compileSnippet
  api=0 type=0 insize=541 outsize=1880 kw=SHADOWS_DEPTH ok=1
Cmd: compileSnippet
  api=0 type=1 insize=541 outsize=6 kw=SHADOWS_DEPTH ok=1
Cmd: compileSnippet
  api=0 type=0 insize=5674 outsize=2186 kw=DIRECTIONAL SHADOWS_OFF LIGHTMAP_OFF DIRLIGHTMAP_OFF DYNAMICLIGHTMAP_OFF ok=1
Cmd: compileSnippet
  api=0 type=1 insize=5674 outsize=6 kw=DIRECTIONAL SHADOWS_OFF LIGHTMAP_OFF DIRLIGHTMAP_OFF DYNAMICLIGHTMAP_OFF ok=1
Cmd: compileSnippet
  api=0 type=0 insize=3321 outsize=1442 kw=DIRECTIONAL ok=1
Cmd: compileSnippet
  api=0 type=1 insize=3321 outsize=6 kw=DIRECTIONAL ok=1
Cmd: compileSnippet
  api=0 type=0 insize=5358 outsize=3130 kw=DIRECTIONAL ok=1
Cmd: compileSnippet
  api=0 type=1 insize=5358 outsize=6 kw=DIRECTIONAL ok=1
Cmd: compileSnippet
  api=0 type=0 insize=990 outsize=450 kw= ok=1
Cmd: compileSnippet
  api=0 type=1 insize=990 outsize=6 kw= ok=1
Cmd: compileSnippet
  api=0 type=0 insize=5253 outsize=3029 kw=DIRECTIONAL ok=1
Cmd: compileSnippet
  api=0 type=1 insize=5253 outsize=6 kw=DIRECTIONAL ok=1
Cmd: compileSnippet
  api=0 type=0 insize=577 outsize=1880 kw=SHADOWS_DEPTH ok=1
Cmd: compileSnippet
  api=0 type=1 insize=577 outsize=6 kw=SHADOWS_DEPTH ok=1
Cmd: compileSnippet
  api=0 type=0 insize=6608 outsize=3355 kw=DIRECTIONAL SHADOWS_OFF LIGHTMAP_OFF DIRLIGHTMAP_OFF DYNAMICLIGHTMAP_OFF ok=1
Cmd: compileSnippet
  api=0 type=1 insize=6608 outsize=6 kw=DIRECTIONAL SHADOWS_OFF LIGHTMAP_OFF DIRLIGHTMAP_OFF DYNAMICLIGHTMAP_OFF ok=1
Cmd: compileSnippet
  api=0 type=0 insize=6656 outsize=4033 kw=DIRECTIONAL ok=1
Cmd: compileSnippet
  api=0 type=1 insize=6656 outsize=6 kw=DIRECTIONAL ok=1
Cmd: compileSnippet
  api=0 type=0 insize=836 outsize=1880 kw=SHADOWS_DEPTH ok=1
Cmd: compileSnippet
  api=0 type=1 insize=836 outsize=6 kw=SHADOWS_DEPTH ok=1
Cmd: compileSnippet
  api=0 type=0 insize=1108 outsize=9530 kw=DIRECTIONAL SHADOWS_OFF LIGHTMAP_OFF DIRLIGHTMAP_OFF DYNAMICLIGHTMAP_OFF ok=1
Cmd: compileSnippet
  api=0 type=1 insize=1108 outsize=6 kw=DIRECTIONAL SHADOWS_OFF LIGHTMAP_OFF DIRLIGHTMAP_OFF DYNAMICLIGHTMAP_OFF ok=1
Cmd: compileSnippet
  api=0 type=0 insize=1025 outsize=5445 kw=DIRECTIONAL SHADOWS_OFF ok=1
Cmd: compileSnippet
  api=0 type=1 insize=1025 outsize=6 kw=DIRECTIONAL SHADOWS_OFF ok=1
